#
# There is insufficient memory for the Java Runtime Environment to continue.
# Native memory allocation (malloc) failed to allocate 650256 bytes for Chunk::new
# Possible reasons:
#   The system is out of physical RAM or swap space
#   In 32 bit mode, the process size limit was hit
# Possible solutions:
#   Reduce memory load on the system
#   Increase physical memory or swap space
#   Check if swap backing store is full
#   Use 64 bit Java on a 64 bit OS
#   Decrease Java heap size (-Xmx/-Xms)
#   Decrease number of Java threads
#   Decrease Java thread stack sizes (-Xss)
#   Set larger code cache with -XX:ReservedCodeCacheSize=
# This output file may be truncated or incomplete.
#
#  Out of Memory Error (allocation.cpp:390), pid=12060, tid=0x0000000000001934
#
# JRE version: OpenJDK Runtime Environment (8.0_76-b03) (build 1.8.0_76-release-b03)
# Java VM: OpenJDK 64-Bit Server VM (25.76-b03 mixed mode windows-amd64 compressed oops)
# Failed to write core dump. Minidumps are not enabled by default on client versions of Windows
#

---------------  T H R E A D  ---------------

Current thread (0x000000005687a000):  JavaThread "C2 CompilerThread0" daemon [_thread_in_native, id=6452, stack(0x0000000058010000,0x0000000058110000)]

Stack: [0x0000000058010000,0x0000000058110000]
[error occurred during error reporting (printing stack bounds), id 0xc0000005]

Native frames: (J=compiled Java code, j=interpreted, Vv=VM code, C=native code)


Current CompileTask:
C2:   1778 1193       4       com.android.dx.ssa.SsaRenamer$BlockRenamer::process (191 bytes)


---------------  P R O C E S S  ---------------

Java Threads: ( => current thread )
  0x0000000056b56800 JavaThread "pool-1-thread-4" [_thread_blocked, id=2864, stack(0x0000000058570000,0x0000000058670000)]
  0x0000000056b4d800 JavaThread "pool-1-thread-3" [_thread_blocked, id=10624, stack(0x0000000058b50000,0x0000000058c50000)]
  0x0000000056b3d800 JavaThread "pool-1-thread-2" [_thread_blocked, id=4388, stack(0x0000000058990000,0x0000000058a90000)]
  0x0000000056b3a000 JavaThread "pool-2-thread-1" [_thread_blocked, id=11408, stack(0x00000000587f0000,0x00000000588f0000)]
  0x0000000056b31000 JavaThread "pool-1-thread-1" [_thread_blocked, id=10380, stack(0x00000000586b0000,0x00000000587b0000)]
  0x0000000056932800 JavaThread "Service Thread" daemon [_thread_blocked, id=5668, stack(0x0000000058340000,0x0000000058440000)]
  0x00000000568bf000 JavaThread "C1 CompilerThread3" daemon [_thread_blocked, id=11044, stack(0x0000000058110000,0x0000000058210000)]
  0x0000000056893000 JavaThread "C2 CompilerThread2" daemon [_thread_in_native, id=11716, stack(0x0000000058240000,0x0000000058340000)]
  0x0000000056887800 JavaThread "C2 CompilerThread1" daemon [_thread_in_native, id=11500, stack(0x00000000578d0000,0x00000000579d0000)]
=>0x000000005687a000 JavaThread "C2 CompilerThread0" daemon [_thread_in_native, id=6452, stack(0x0000000058010000,0x0000000058110000)]
  0x0000000056870800 JavaThread "Attach Listener" daemon [_thread_blocked, id=8660, stack(0x0000000057eb0000,0x0000000057fb0000)]
  0x000000005686f800 JavaThread "Signal Dispatcher" daemon [_thread_blocked, id=7864, stack(0x0000000057c40000,0x0000000057d40000)]
  0x000000005569d800 JavaThread "Finalizer" daemon [_thread_blocked, id=11192, stack(0x0000000057b20000,0x0000000057c20000)]
  0x0000000055694800 JavaThread "Reference Handler" daemon [_thread_blocked, id=11276, stack(0x00000000579f0000,0x0000000057af0000)]
  0x000000000262e800 JavaThread "main" [_thread_blocked, id=10216, stack(0x0000000002640000,0x0000000002740000)]

Other Threads:
  0x0000000056810800 VMThread [stack: 0x00000000577d0000,0x00000000578d0000] [id=4412]
  0x0000000056905000 WatcherThread [stack: 0x0000000058470000,0x0000000058570000] [id=8116]

VM state:not at safepoint (normal execution)

VM Mutex/Monitor currently owned by a thread: None

Heap:
 PSYoungGen      total 38400K, used 12600K [0x00000000eab00000, 0x00000000ef600000, 0x0000000100000000)
  eden space 33280K, 22% used [0x00000000eab00000,0x00000000eb24ee20,0x00000000ecb80000)
  from space 5120K, 99% used [0x00000000ecb80000,0x00000000ed07f540,0x00000000ed080000)
  to   space 5120K, 0% used [0x00000000ef100000,0x00000000ef100000,0x00000000ef600000)
 ParOldGen       total 87552K, used 1429K [0x00000000c0000000, 0x00000000c5580000, 0x00000000eab00000)
  object space 87552K, 1% used [0x00000000c0000000,0x00000000c01655b0,0x00000000c5580000)
 Metaspace       used 5878K, capacity 6896K, committed 7040K, reserved 1056768K
  class space    used 566K, capacity 616K, committed 640K, reserved 1048576K

Card table byte_map: [0x0000000011b80000,0x0000000011d90000] byte_map_base: 0x0000000011580000

Marking Bits: (ParMarkBitMap*) 0x0000000077f79d00
 Begin Bits: [0x0000000012ab0000, 0x0000000013ab0000)
 End Bits:   [0x0000000013ab0000, 0x0000000014ab0000)

Polling page: 0x0000000000440000

CodeCache: size=245760Kb used=5373Kb max_used=5373Kb free=240386Kb
 bounds [0x00000000027c0000, 0x0000000002d10000, 0x00000000117c0000]
 total_blobs=1597 nmethods=1327 adapters=184
 compilation: enabled

Compilation events (10 events):
Event: 1.756 Thread 0x00000000568bf000 nmethod 1319 0x0000000002ceef10 code [0x0000000002cef0c0, 0x0000000002cef608]
Event: 1.756 Thread 0x00000000568bf000 1320       3       com.android.dx.util.LabeledList::<init> (57 bytes)
Event: 1.756 Thread 0x00000000568bf000 nmethod 1320 0x0000000002cef810 code [0x0000000002cefa40, 0x0000000002cf06b8]
Event: 1.756 Thread 0x00000000568bf000 1324       3       com.android.dx.cf.code.ConcreteMethod::getEffectiveDescriptor (10 bytes)
Event: 1.756 Thread 0x00000000568bf000 nmethod 1324 0x0000000002cf2410 code [0x0000000002cf2580, 0x0000000002cf27a8]
Event: 1.757 Thread 0x0000000056893000 nmethod 1271 0x0000000002cf4790 code [0x0000000002cf4920, 0x0000000002cf5148]
Event: 1.757 Thread 0x0000000056893000 1316       4       com.android.dx.ssa.DeadCodeRemover::isCircularNoSideEffect (140 bytes)
Event: 1.770 Thread 0x00000000568bf000 1325       3       java.io.BufferedWriter::ensureOpen (18 bytes)
Event: 1.771 Thread 0x00000000568bf000 nmethod 1325 0x0000000002cf1f50 code [0x0000000002cf20c0, 0x0000000002cf2328]
Event: 1.771 Thread 0x00000000568bf000 1326   !   3       sun.nio.cs.ext.DoubleByte$Encoder::encodeArrayLoop (409 bytes)

GC Heap History (2 events):
Event: 1.552 GC heap before
{Heap before GC invocations=1 (full 0):
 PSYoungGen      total 38400K, used 33280K [0x00000000eab00000, 0x00000000ed580000, 0x0000000100000000)
  eden space 33280K, 100% used [0x00000000eab00000,0x00000000ecb80000,0x00000000ecb80000)
  from space 5120K, 0% used [0x00000000ed080000,0x00000000ed080000,0x00000000ed580000)
  to   space 5120K, 0% used [0x00000000ecb80000,0x00000000ecb80000,0x00000000ed080000)
 ParOldGen       total 87552K, used 0K [0x00000000c0000000, 0x00000000c5580000, 0x00000000eab00000)
  object space 87552K, 0% used [0x00000000c0000000,0x00000000c0000000,0x00000000c5580000)
 Metaspace       used 5790K, capacity 6832K, committed 7040K, reserved 1056768K
  class space    used 566K, capacity 616K, committed 640K, reserved 1048576K
Event: 1.570 GC heap after
Heap after GC invocations=1 (full 0):
 PSYoungGen      total 38400K, used 5117K [0x00000000eab00000, 0x00000000ef600000, 0x0000000100000000)
  eden space 33280K, 0% used [0x00000000eab00000,0x00000000eab00000,0x00000000ecb80000)
  from space 5120K, 99% used [0x00000000ecb80000,0x00000000ed07f540,0x00000000ed080000)
  to   space 5120K, 0% used [0x00000000ef100000,0x00000000ef100000,0x00000000ef600000)
 ParOldGen       total 87552K, used 1429K [0x00000000c0000000, 0x00000000c5580000, 0x00000000eab00000)
  object space 87552K, 1% used [0x00000000c0000000,0x00000000c01655b0,0x00000000c5580000)
 Metaspace       used 5790K, capacity 6832K, committed 7040K, reserved 1056768K
  class space    used 566K, capacity 616K, committed 640K, reserved 1048576K
}

Deoptimization events (9 events):
Event: 1.034 Thread 0x0000000056b3d800 Uncommon trap: reason=unstable_if action=reinterpret pc=0x00000000029da1d0 method=java.util.HashMap.getNode(ILjava/lang/Object;)Ljava/util/HashMap$Node; @ 129
Event: 1.102 Thread 0x0000000056b56800 Uncommon trap: reason=unstable_if action=reinterpret pc=0x0000000002a26edc method=com.android.dx.rop.code.RegisterSpecSet.put(Lcom/android/dx/rop/code/RegisterSpec;)V @ 77
Event: 1.255 Thread 0x0000000056b56800 Uncommon trap: reason=unstable_if action=reinterpret pc=0x0000000002a52204 method=com.android.dx.rop.cst.Constant.compareTo(Lcom/android/dx/rop/cst/Constant;)I @ 12
Event: 1.276 Thread 0x0000000056b31000 Uncommon trap: reason=unstable_if action=reinterpret pc=0x0000000002a99ef8 method=java.util.HashMap.putVal(ILjava/lang/Object;Ljava/lang/Object;ZZ)Ljava/lang/Object; @ 94
Event: 1.653 Thread 0x0000000056b56800 Uncommon trap: reason=bimorphic action=maybe_recompile pc=0x0000000002c6cb3c method=com.android.dx.ssa.SCCP.simulatePhi(Lcom/android/dx/ssa/PhiInsn;)V @ 124
Event: 1.664 Thread 0x0000000056b56800 Uncommon trap: reason=bimorphic action=maybe_recompile pc=0x0000000002c1c018 method=com.android.dx.cf.code.BytecodeArray.parseInstruction(ILcom/android/dx/cf/code/BytecodeArray$Visitor;)I @ 1161
Event: 1.664 Thread 0x0000000056b56800 Uncommon trap: reason=bimorphic action=maybe_recompile pc=0x0000000002c1c018 method=com.android.dx.cf.code.BytecodeArray.parseInstruction(ILcom/android/dx/cf/code/BytecodeArray$Visitor;)I @ 1161
Event: 1.664 Thread 0x0000000056b56800 Uncommon trap: reason=bimorphic action=maybe_recompile pc=0x0000000002c1c018 method=com.android.dx.cf.code.BytecodeArray.parseInstruction(ILcom/android/dx/cf/code/BytecodeArray$Visitor;)I @ 1161
Event: 1.664 Thread 0x0000000056b56800 Uncommon trap: reason=bimorphic action=maybe_recompile pc=0x0000000002c1c018 method=com.android.dx.cf.code.BytecodeArray.parseInstruction(ILcom/android/dx/cf/code/BytecodeArray$Visitor;)I @ 1161

Internal exceptions (2 events):
Event: 0.033 Thread 0x000000000262e800 Exception <a 'java/lang/NoSuchMethodError': Method sun.misc.Unsafe.defineClass(Ljava/lang/String;[BII)Ljava/lang/Class; name or signature does not match> (0x00000000eab07cc0) thrown at [C:\src\android\AOSP-openjdk\external\jetbrains\jdk\hotspot\src\share\vYSƒ¸×¡?
Event: 0.033 Thread 0x000000000262e800 Exception <a 'java/lang/NoSuchMethodError': Method sun.misc.Unsafe.prefetchRead(Ljava/lang/Object;J)V name or signature does not match> (0x00000000eab07fa8) thrown at [C:\src\android\AOSP-openjdk\external\jetbrains\jdk\hotspot\src\share\vm\prims\jni.cpp, l

Events (10 events):
Event: 1.664 Thread 0x0000000056b56800 DEOPT PACKING pc=0x0000000002c1c018 sp=0x000000005866e860
Event: 1.664 Thread 0x0000000056b56800 DEOPT UNPACKING pc=0x000000000280556a sp=0x000000005866e7e8 mode 2
Event: 1.664 Thread 0x0000000056b56800 Uncommon trap: trap_request=0xffffffc6 fr.pc=0x0000000002c1c018
Event: 1.664 Thread 0x0000000056b56800 DEOPT PACKING pc=0x0000000002c1c018 sp=0x000000005866e860
Event: 1.664 Thread 0x0000000056b56800 DEOPT UNPACKING pc=0x000000000280556a sp=0x000000005866e7e8 mode 2
Event: 1.664 Thread 0x0000000056b56800 Uncommon trap: trap_request=0xffffffc6 fr.pc=0x0000000002c1c018
Event: 1.664 Thread 0x0000000056b56800 DEOPT PACKING pc=0x0000000002c1c018 sp=0x000000005866e860
Event: 1.664 Thread 0x0000000056b56800 DEOPT UNPACKING pc=0x000000000280556a sp=0x000000005866e7e8 mode 2
Event: 1.726 loading class com/android/dx/rop/code/RegisterSpec$1
Event: 1.726 loading class com/android/dx/rop/code/RegisterSpec$1 done


Dynamic libraries:
0x000000013f3a0000 - 0x000000013f3d1000 	D:\soft\jre\bin\java.exe
0x0000000076dc0000 - 0x0000000076f6a000 	C:\Windows\SYSTEM32\ntdll.dll
0x0000000076ca0000 - 0x0000000076dbf000 	C:\Windows\system32\kernel32.dll
0x000007fefcc00000 - 0x000007fefcc6a000 	C:\Windows\system32\KERNELBASE.dll
0x000007fefd360000 - 0x000007fefd43b000 	C:\Windows\system32\ADVAPI32.dll
0x000007fefd6e0000 - 0x000007fefd77f000 	C:\Windows\system32\msvcrt.dll
0x000007fefe010000 - 0x000007fefe02f000 	C:\Windows\SYSTEM32\sechost.dll
0x000007fefe030000 - 0x000007fefe15d000 	C:\Windows\system32\RPCRT4.dll
0x0000000076ba0000 - 0x0000000076c9a000 	C:\Windows\system32\USER32.dll
0x000007fefddc0000 - 0x000007fefde27000 	C:\Windows\system32\GDI32.dll
0x000007fefeef0000 - 0x000007fefeefe000 	C:\Windows\system32\LPK.dll
0x000007feff000000 - 0x000007feff0ca000 	C:\Windows\system32\USP10.dll
0x000007fefb210000 - 0x000007fefb404000 	C:\Windows\WinSxS\amd64_microsoft.windows.common-controls_6595b64144ccf1df_6.0.7601.18837_none_fa3b1e3d17594757\COMCTL32.dll
0x000007fefceb0000 - 0x000007fefcf21000 	C:\Windows\system32\SHLWAPI.dll
0x000007fefc8f0000 - 0x000007fefc947000 	C:\Windows\system32\apphelp.dll
0x000007fef0c70000 - 0x000007fef0cc1000 	C:\Windows\AppPatch\AppPatch64\AcGenral.DLL
0x000007fefc740000 - 0x000007fefc765000 	C:\Windows\system32\SspiCli.dll
0x000007fefdb10000 - 0x000007fefdd13000 	C:\Windows\system32\ole32.dll
0x000007fefe160000 - 0x000007fefeeec000 	C:\Windows\system32\SHELL32.dll
0x00000000732b0000 - 0x00000000732b3000 	C:\Windows\system32\sfc.dll
0x000007fef9650000 - 0x000007fef9660000 	C:\Windows\system32\sfc_os.DLL
0x000007fefccc0000 - 0x000007fefccde000 	C:\Windows\system32\USERENV.dll
0x000007fefcb00000 - 0x000007fefcb0f000 	C:\Windows\system32\profapi.dll
0x000007fefa8b0000 - 0x000007fefa8c8000 	C:\Windows\system32\dwmapi.dll
0x000007fef8fa0000 - 0x000007fef8fb8000 	C:\Windows\system32\MPR.dll
0x000007fefcf90000 - 0x000007fefcfbe000 	C:\Windows\system32\IMM32.DLL
0x000007fefd5d0000 - 0x000007fefd6d9000 	C:\Windows\system32\MSCTF.dll
0x00000000593d0000 - 0x00000000594a2000 	D:\soft\jre\jre\bin\msvcr100.dll
0x00000000777c0000 - 0x0000000077ff4000 	D:\soft\jre\jre\bin\server\jvm.dll
0x000007fef8f00000 - 0x000007fef8f09000 	C:\Windows\system32\WSOCK32.dll
0x000007fefd290000 - 0x000007fefd2dd000 	C:\Windows\system32\WS2_32.dll
0x000007fefd820000 - 0x000007fefd828000 	C:\Windows\system32\NSI.dll
0x000007fef9300000 - 0x000007fef933b000 	C:\Windows\system32\WINMM.dll
0x000007fefc3c0000 - 0x000007fefc3cc000 	C:\Windows\system32\VERSION.dll
0x0000000076f90000 - 0x0000000076f97000 	C:\Windows\system32\PSAPI.DLL
0x000007fefb720000 - 0x000007fefb72f000 	D:\soft\jre\jre\bin\verify.dll
0x000007fefb1e0000 - 0x000007fefb209000 	D:\soft\jre\jre\bin\java.dll
0x000007fef9a90000 - 0x000007fef9aa6000 	D:\soft\jre\jre\bin\zip.dll

VM Arguments:
jvm_args: -Djava.awt.headless=true -Xmx1024M -Dfile.encoding=GBK -Duser.country=CN -Duser.language=zh -Duser.variant 
java_command: com.android.dx.command.Main --dex --verbose --force-jumbo --num-threads=4 --output D:\AndroidStudioProjects\CharryProject\app\build\intermediates\pre-dexed\debug\core-3.1.0_5466c7893fb9628c2a9765e630e4ea4666bc254a.jar D:\AndroidStudioProjects\CharryProject\app\libs\core-3.1.0.jar
java_class_path (initial): D:\AndroidSDK\sdk\build-tools\23.0.1\lib\dx.jar
Launcher Type: SUN_STANDARD

Environment Variables:
JAVA_HOME=D:\Program Files\Java\jdk1.7.0_67
CLASSPATH=.;D:\Program Files\Java\jdk1.7.0_67\lib;D:\Program Files\Java\jdk1.7.0_67\lib\tools.jar;D:\Program Files\Java\jdk1.7.0_67\lib\dt.jar;
PATH=   C:\ProgramData\Oracle\Java\javapath;C:\Windows\system32;C:\Windows;C:\Windows\System32\Wbem;C:\Windows\System32\WindowsPowerShell\v1.0\; D:\ORACLE\instantclient_11_2;D:\Program Files\Java\jdk1.7.0_67\bin;D:\Program Files\Java\jdk1.7.0_67\jre\bin;D:\newproject\soft\grails-1.3.7\bin\bin;D:\Program Files\nodejs\;D:\Program Files (x86)\Git\bin;C:\Users\Administrator\AppData\Roaming\npm\node_modules\ant\ant\bin;D:\AndroidSDK\sdk\platform-tools;D:\AndroidSDK\sdk\tools;C:\Users\Administrator\AppData\Roaming\npm;D:\AndroidSDK\android-ndk-r10e
USERNAME=Administrator
OS=Windows_NT
PROCESSOR_IDENTIFIER=Intel64 Family 6 Model 60 Stepping 3, GenuineIntel



---------------  S Y S T E M  ---------------

OS: Windows 7 , 64 bit Build 7601 (6.1.7601.23569)

CPU:total 8 (4 cores per cpu, 2 threads per core) family 6 model 60 stepping 3, cmov, cx8, fxsr, mmx, sse, sse2, sse3, ssse3, sse4.1, sse4.2, popcnt, avx, avx2, aes, clmul, erms, lzcnt, ht, tsc, tscinvbit, bmi1, bmi2

Memory: 4k page, physical 8275812k(839860k free), swap 8273952k(5472k free)

vm_info: OpenJDK 64-Bit Server VM (25.76-b03) for windows-amd64 JRE (1.8.0_76-release-b03), built on Jun 29 2016 19:09:20 by "ralucas" with MS VC++ 10.0 (VS2010)

time: Mon Dec 26 14:39:40 2016
elapsed time: 1 seconds (0d 0h 0m 1s)

