#
# There is insufficient memory for the Java Runtime Environment to continue.
# Native memory allocation (malloc) failed to allocate 1048576 bytes for AllocateHeap
# Possible reasons:
#   The system is out of physical RAM or swap space
#   In 32 bit mode, the process size limit was hit
# Possible solutions:
#   Reduce memory load on the system
#   Increase physical memory or swap space
#   Check if swap backing store is full
#   Use 64 bit Java on a 64 bit OS
#   Decrease Java heap size (-Xmx/-Xms)
#   Decrease number of Java threads
#   Decrease Java thread stack sizes (-Xss)
#   Set larger code cache with -XX:ReservedCodeCacheSize=
# This output file may be truncated or incomplete.
#
#  Out of Memory Error (memory/allocation.inline.hpp:61), pid=10220, tid=0x00000000000029a0
#
# JRE version:  (8.0_76-b03) (build )
# Java VM: OpenJDK 64-Bit Server VM (25.76-b03 mixed mode windows-amd64 compressed oops)
# Failed to write core dump. Minidumps are not enabled by default on client versions of Windows
#

---------------  T H R E A D  ---------------

Current thread (0x000000000010e800):  JavaThread "Unknown thread" [_thread_in_vm, id=10656, stack(0x0000000002880000,0x0000000002980000)]

Stack: [0x0000000002880000,0x0000000002980000]
[error occurred during error reporting (printing stack bounds), id 0xc0000005]

Native frames: (J=compiled Java code, j=interpreted, Vv=VM code, C=native code)


---------------  P R O C E S S  ---------------

Java Threads: ( => current thread )

Other Threads:

=>0x000000000010e800 (exited) JavaThread "Unknown thread" [_thread_in_vm, id=10656, stack(0x0000000002880000,0x0000000002980000)]

VM state:not at safepoint (normal execution)

VM Mutex/Monitor currently owned by a thread: None

Heap:
 PSYoungGen      total 38400K, used 665K [0x00000000eab00000, 0x00000000ed580000, 0x0000000100000000)
  eden space 33280K, 2% used [0x00000000eab00000,0x00000000eaba6670,0x00000000ecb80000)
  from space 5120K, 0% used [0x00000000ed080000,0x00000000ed080000,0x00000000ed580000)
  to   space 5120K, 0% used [0x00000000ecb80000,0x00000000ecb80000,0x00000000ed080000)
 ParOldGen       total 87552K, used 0K [0x00000000c0000000, 0x00000000c5580000, 0x00000000eab00000)
  object space 87552K, 0% used [0x00000000c0000000,0x00000000c0000000,0x00000000c5580000)
 Metaspace       used 771K, capacity 4480K, committed 4480K, reserved 1056768K
  class space    used 73K, capacity 384K, committed 384K, reserved 1048576K

Card table byte_map: [0x0000000011d40000,0x0000000011f50000] byte_map_base: 0x0000000011740000

Marking Bits: (ParMarkBitMap*) 0x0000000077f79d00
 Begin Bits: [0x0000000012b20000, 0x0000000013b20000)
 End Bits:   [0x0000000013b20000, 0x0000000014b20000)

Polling page: 0x0000000000150000

CodeCache: size=245760Kb used=328Kb max_used=328Kb free=245431Kb
 bounds [0x0000000002980000, 0x0000000002bf0000, 0x0000000011980000]
 total_blobs=57 nmethods=0 adapters=38
 compilation: enabled

Compilation events (0 events):
No events

GC Heap History (0 events):
No events

Deoptimization events (0 events):
No events

Internal exceptions (0 events):
No events

Events (10 events):
Event: 0.135 loading class java/lang/Short
Event: 0.135 loading class java/lang/Short done
Event: 0.135 loading class java/lang/Integer
Event: 0.135 loading class java/lang/Integer done
Event: 0.135 loading class java/lang/Long
Event: 0.135 loading class java/lang/Long done
Event: 0.136 loading class java/lang/NullPointerException
Event: 0.136 loading class java/lang/NullPointerException done
Event: 0.136 loading class java/lang/ArithmeticException
Event: 0.136 loading class java/lang/ArithmeticException done


Dynamic libraries:
0x000000013f3a0000 - 0x000000013f3d1000 	D:\soft\jre\bin\java.exe
0x0000000076dc0000 - 0x0000000076f6a000 	C:\Windows\SYSTEM32\ntdll.dll
0x0000000076ca0000 - 0x0000000076dbf000 	C:\Windows\system32\kernel32.dll
0x000007fefcc00000 - 0x000007fefcc6a000 	C:\Windows\system32\KERNELBASE.dll
0x000007fefd360000 - 0x000007fefd43b000 	C:\Windows\system32\ADVAPI32.dll
0x000007fefd6e0000 - 0x000007fefd77f000 	C:\Windows\system32\msvcrt.dll
0x000007fefe010000 - 0x000007fefe02f000 	C:\Windows\SYSTEM32\sechost.dll
0x000007fefe030000 - 0x000007fefe15d000 	C:\Windows\system32\RPCRT4.dll
0x0000000076ba0000 - 0x0000000076c9a000 	C:\Windows\system32\USER32.dll
0x000007fefddc0000 - 0x000007fefde27000 	C:\Windows\system32\GDI32.dll
0x000007fefeef0000 - 0x000007fefeefe000 	C:\Windows\system32\LPK.dll
0x000007feff000000 - 0x000007feff0ca000 	C:\Windows\system32\USP10.dll
0x000007fefb210000 - 0x000007fefb404000 	C:\Windows\WinSxS\amd64_microsoft.windows.common-controls_6595b64144ccf1df_6.0.7601.18837_none_fa3b1e3d17594757\COMCTL32.dll
0x000007fefceb0000 - 0x000007fefcf21000 	C:\Windows\system32\SHLWAPI.dll
0x000007fefc8f0000 - 0x000007fefc947000 	C:\Windows\system32\apphelp.dll
0x000007fef0c70000 - 0x000007fef0cc1000 	C:\Windows\AppPatch\AppPatch64\AcGenral.DLL
0x000007fefc740000 - 0x000007fefc765000 	C:\Windows\system32\SspiCli.dll
0x000007fefdb10000 - 0x000007fefdd13000 	C:\Windows\system32\ole32.dll
0x000007fefe160000 - 0x000007fefeeec000 	C:\Windows\system32\SHELL32.dll
0x00000000732b0000 - 0x00000000732b3000 	C:\Windows\system32\sfc.dll
0x000007fef9650000 - 0x000007fef9660000 	C:\Windows\system32\sfc_os.DLL
0x000007fefccc0000 - 0x000007fefccde000 	C:\Windows\system32\USERENV.dll
0x000007fefcb00000 - 0x000007fefcb0f000 	C:\Windows\system32\profapi.dll
0x000007fefa8b0000 - 0x000007fefa8c8000 	C:\Windows\system32\dwmapi.dll
0x000007fef8fa0000 - 0x000007fef8fb8000 	C:\Windows\system32\MPR.dll
0x000007fefcf90000 - 0x000007fefcfbe000 	C:\Windows\system32\IMM32.DLL
0x000007fefd5d0000 - 0x000007fefd6d9000 	C:\Windows\system32\MSCTF.dll
0x00000000593d0000 - 0x00000000594a2000 	D:\soft\jre\jre\bin\msvcr100.dll
0x00000000777c0000 - 0x0000000077ff4000 	D:\soft\jre\jre\bin\server\jvm.dll
0x000007fef8f00000 - 0x000007fef8f09000 	C:\Windows\system32\WSOCK32.dll
0x000007fefd290000 - 0x000007fefd2dd000 	C:\Windows\system32\WS2_32.dll
0x000007fefd820000 - 0x000007fefd828000 	C:\Windows\system32\NSI.dll
0x000007fef9300000 - 0x000007fef933b000 	C:\Windows\system32\WINMM.dll
0x000007fefc3c0000 - 0x000007fefc3cc000 	C:\Windows\system32\VERSION.dll
0x0000000076f90000 - 0x0000000076f97000 	C:\Windows\system32\PSAPI.DLL
0x000007fefb720000 - 0x000007fefb72f000 	D:\soft\jre\jre\bin\verify.dll
0x000007fefb1e0000 - 0x000007fefb209000 	D:\soft\jre\jre\bin\java.dll
0x000007fef9a90000 - 0x000007fef9aa6000 	D:\soft\jre\jre\bin\zip.dll

VM Arguments:
jvm_args: -Djava.awt.headless=true -Xmx1024M -Dfile.encoding=GBK -Duser.country=CN -Duser.language=zh -Duser.variant 
java_command: com.android.dx.command.Main --dex --verbose --force-jumbo --num-threads=4 --output D:\AndroidStudioProjects\CharryProject\app\build\intermediates\pre-dexed\debug\gson-2.2.1_bc3511afb59b6128df8c8b71c32a092299a9b297.jar D:\AndroidStudioProjects\CharryProject\app\libs\gson-2.2.1.jar
java_class_path (initial): D:\AndroidSDK\sdk\build-tools\23.0.1\lib\dx.jar
Launcher Type: SUN_STANDARD

Environment Variables:
JAVA_HOME=D:\Program Files\Java\jdk1.7.0_67
CLASSPATH=.;D:\Program Files\Java\jdk1.7.0_67\lib;D:\Program Files\Java\jdk1.7.0_67\lib\tools.jar;D:\Program Files\Java\jdk1.7.0_67\lib\dt.jar;
PATH=   C:\ProgramData\Oracle\Java\javapath;C:\Windows\system32;C:\Windows;C:\Windows\System32\Wbem;C:\Windows\System32\WindowsPowerShell\v1.0\; D:\ORACLE\instantclient_11_2;D:\Program Files\Java\jdk1.7.0_67\bin;D:\Program Files\Java\jdk1.7.0_67\jre\bin;D:\newproject\soft\grails-1.3.7\bin\bin;D:\Program Files\nodejs\;D:\Program Files (x86)\Git\bin;C:\Users\Administrator\AppData\Roaming\npm\node_modules\ant\ant\bin;D:\AndroidSDK\sdk\platform-tools;D:\AndroidSDK\sdk\tools;C:\Users\Administrator\AppData\Roaming\npm;D:\AndroidSDK\android-ndk-r10e
USERNAME=Administrator
OS=Windows_NT
PROCESSOR_IDENTIFIER=Intel64 Family 6 Model 60 Stepping 3, GenuineIntel



---------------  S Y S T E M  ---------------

OS: Windows 7 , 64 bit Build 7601 (6.1.7601.23569)

CPU:total 8 (4 cores per cpu, 2 threads per core) family 6 model 60 stepping 3, cmov, cx8, fxsr, mmx, sse, sse2, sse3, ssse3, sse4.1, sse4.2, popcnt, avx, avx2, aes, clmul, erms, lzcnt, ht, tsc, tscinvbit, bmi1, bmi2

Memory: 4k page, physical 8275812k(908144k free), swap 8273952k(5404k free)

vm_info: OpenJDK 64-Bit Server VM (25.76-b03) for windows-amd64 JRE (1.8.0_76-release-b03), built on Jun 29 2016 19:09:20 by "ralucas" with MS VC++ 10.0 (VS2010)

time: Mon Dec 26 14:39:37 2016
elapsed time: 0 seconds (0d 0h 0m 0s)

