#
# There is insufficient memory for the Java Runtime Environment to continue.
# Native memory allocation (malloc) failed to allocate 645536 bytes for Chunk::new
# Possible reasons:
#   The system is out of physical RAM or swap space
#   In 32 bit mode, the process size limit was hit
# Possible solutions:
#   Reduce memory load on the system
#   Increase physical memory or swap space
#   Check if swap backing store is full
#   Use 64 bit Java on a 64 bit OS
#   Decrease Java heap size (-Xmx/-Xms)
#   Decrease number of Java threads
#   Decrease Java thread stack sizes (-Xss)
#   Set larger code cache with -XX:ReservedCodeCacheSize=
# This output file may be truncated or incomplete.
#
#  Out of Memory Error (allocation.cpp:390), pid=7072, tid=0x0000000000002b20
#
# JRE version: OpenJDK Runtime Environment (8.0_76-b03) (build 1.8.0_76-release-b03)
# Java VM: OpenJDK 64-Bit Server VM (25.76-b03 mixed mode windows-amd64 compressed oops)
# Failed to write core dump. Minidumps are not enabled by default on client versions of Windows
#

---------------  T H R E A D  ---------------

Current thread (0x000000005688e000):  JavaThread "C2 CompilerThread1" daemon [_thread_in_native, id=11040, stack(0x0000000058010000,0x0000000058110000)]

Stack: [0x0000000058010000,0x0000000058110000]
[error occurred during error reporting (printing stack bounds), id 0xc0000005]

Native frames: (J=compiled Java code, j=interpreted, Vv=VM code, C=native code)


Current CompileTask:
C2:   2246 1399       4       com.android.dx.ssa.SCCP::simulateBranch (666 bytes)


---------------  P R O C E S S  ---------------

Java Threads: ( => current thread )
  0x0000000056913800 JavaThread "Service Thread" daemon [_thread_blocked, id=10116, stack(0x0000000058350000,0x0000000058450000)]
  0x000000005689b800 JavaThread "C1 CompilerThread3" daemon [_thread_in_vm, id=11428, stack(0x0000000058470000,0x0000000058570000)]
  0x0000000056895000 JavaThread "C2 CompilerThread2" daemon [_thread_in_native, id=2748, stack(0x00000000581e0000,0x00000000582e0000)]
=>0x000000005688e000 JavaThread "C2 CompilerThread1" daemon [_thread_in_native, id=11040, stack(0x0000000058010000,0x0000000058110000)]
  0x000000005687e800 JavaThread "C2 CompilerThread0" daemon [_thread_in_native, id=1332, stack(0x0000000057e80000,0x0000000057f80000)]
  0x000000005687e000 JavaThread "Attach Listener" daemon [_thread_blocked, id=4056, stack(0x0000000057a50000,0x0000000057b50000)]
  0x000000005687d000 JavaThread "Signal Dispatcher" daemon [_thread_blocked, id=10656, stack(0x0000000057d40000,0x0000000057e40000)]
  0x00000000557be000 JavaThread "Finalizer" daemon [_thread_blocked, id=4100, stack(0x0000000057c00000,0x0000000057d00000)]
  0x00000000557b7000 JavaThread "Reference Handler" daemon [_thread_blocked, id=9404, stack(0x0000000057830000,0x0000000057930000)]
  0x000000000263e800 JavaThread "main" [_thread_in_Java, id=7104, stack(0x0000000002900000,0x0000000002a00000)]

Other Threads:
  0x0000000056823800 VMThread [stack: 0x0000000057940000,0x0000000057a40000] [id=6164]
  0x0000000056916800 WatcherThread [stack: 0x00000000586b0000,0x00000000587b0000] [id=3124]

VM state:not at safepoint (normal execution)

VM Mutex/Monitor currently owned by a thread:  ([mutex/lock_event])
[0x000000000263cc60] Compile_lock - owner thread: 0x000000005689b800
[0x000000000263cd60] MethodCompileQueue_lock - owner thread: 0x0000000056895000

Heap:
 PSYoungGen      total 71680K, used 33676K [0x00000000eab00000, 0x00000000ef600000, 0x0000000100000000)
  eden space 66560K, 42% used [0x00000000eab00000,0x00000000ec6e74a0,0x00000000eec00000)
  from space 5120K, 99% used [0x00000000ef100000,0x00000000ef5fbc98,0x00000000ef600000)
  to   space 5120K, 0% used [0x00000000eec00000,0x00000000eec00000,0x00000000ef100000)
 ParOldGen       total 87552K, used 3688K [0x00000000c0000000, 0x00000000c5580000, 0x00000000eab00000)
  object space 87552K, 4% used [0x00000000c0000000,0x00000000c039a050,0x00000000c5580000)
 Metaspace       used 6110K, capacity 7088K, committed 7296K, reserved 1056768K
  class space    used 573K, capacity 616K, committed 640K, reserved 1048576K

Card table byte_map: [0x0000000011dc0000,0x0000000011fd0000] byte_map_base: 0x00000000117c0000

Marking Bits: (ParMarkBitMap*) 0x0000000077f79d00
 Begin Bits: [0x0000000012bd0000, 0x0000000013bd0000)
 End Bits:   [0x0000000013bd0000, 0x0000000014bd0000)

Polling page: 0x0000000000240000

CodeCache: size=245760Kb used=5738Kb max_used=5751Kb free=240021Kb
 bounds [0x0000000002a00000, 0x0000000002fb0000, 0x0000000011a00000]
 total_blobs=1813 nmethods=1545 adapters=182
 compilation: enabled

Compilation events (10 events):
Event: 2.243 Thread 0x000000005689b800 nmethod 1573 0x0000000002f929d0 code [0x0000000002f92be0, 0x0000000002f93378]
Event: 2.243 Thread 0x000000005689b800 1575       2       java.util.ArrayList::set (20 bytes)
Event: 2.243 Thread 0x000000005689b800 nmethod 1575 0x0000000002f922d0 code [0x0000000002f92460, 0x0000000002f92738]
Event: 2.243 Thread 0x000000005689b800 1574       1       com.android.dx.dex.file.Section::getFile (5 bytes)
Event: 2.243 Thread 0x000000005689b800 nmethod 1574 0x0000000002f91f50 code [0x0000000002f920a0, 0x0000000002f921b0]
Event: 2.243 Thread 0x000000005689b800 1576       2       com.android.dx.dex.code.OutputFinisher::assignIndices (46 bytes)
Event: 2.243 Thread 0x000000005689b800 nmethod 1576 0x0000000002f99990 code [0x0000000002f99b20, 0x0000000002f99e58]
Event: 2.243 Thread 0x000000005689b800 1577       2       com.android.dx.dex.code.OutputFinisher::makeOpcodesArray (45 bytes)
Event: 2.244 Thread 0x000000005689b800 nmethod 1577 0x0000000002f9a050 code [0x0000000002f9a1e0, 0x0000000002f9a618]
Event: 2.244 Thread 0x000000005689b800 1579   !   2       com.android.dx.dex.code.OutputFinisher::fixBranches (234 bytes)

GC Heap History (4 events):
Event: 1.730 GC heap before
{Heap before GC invocations=1 (full 0):
 PSYoungGen      total 38400K, used 33280K [0x00000000eab00000, 0x00000000ed580000, 0x0000000100000000)
  eden space 33280K, 100% used [0x00000000eab00000,0x00000000ecb80000,0x00000000ecb80000)
  from space 5120K, 0% used [0x00000000ed080000,0x00000000ed080000,0x00000000ed580000)
  to   space 5120K, 0% used [0x00000000ecb80000,0x00000000ecb80000,0x00000000ed080000)
 ParOldGen       total 87552K, used 0K [0x00000000c0000000, 0x00000000c5580000, 0x00000000eab00000)
  object space 87552K, 0% used [0x00000000c0000000,0x00000000c0000000,0x00000000c5580000)
 Metaspace       used 5701K, capacity 6736K, committed 7040K, reserved 1056768K
  class space    used 559K, capacity 584K, committed 640K, reserved 1048576K
Event: 1.787 GC heap after
Heap after GC invocations=1 (full 0):
 PSYoungGen      total 38400K, used 5088K [0x00000000eab00000, 0x00000000ef600000, 0x0000000100000000)
  eden space 33280K, 0% used [0x00000000eab00000,0x00000000eab00000,0x00000000ecb80000)
  from space 5120K, 99% used [0x00000000ecb80000,0x00000000ed078360,0x00000000ed080000)
  to   space 5120K, 0% used [0x00000000ef100000,0x00000000ef100000,0x00000000ef600000)
 ParOldGen       total 87552K, used 924K [0x00000000c0000000, 0x00000000c5580000, 0x00000000eab00000)
  object space 87552K, 1% used [0x00000000c0000000,0x00000000c00e71e8,0x00000000c5580000)
 Metaspace       used 5701K, capacity 6736K, committed 7040K, reserved 1056768K
  class space    used 559K, capacity 584K, committed 640K, reserved 1048576K
}
Event: 1.987 GC heap before
{Heap before GC invocations=2 (full 0):
 PSYoungGen      total 38400K, used 38368K [0x00000000eab00000, 0x00000000ef600000, 0x0000000100000000)
  eden space 33280K, 100% used [0x00000000eab00000,0x00000000ecb80000,0x00000000ecb80000)
  from space 5120K, 99% used [0x00000000ecb80000,0x00000000ed078360,0x00000000ed080000)
  to   space 5120K, 0% used [0x00000000ef100000,0x00000000ef100000,0x00000000ef600000)
 ParOldGen       total 87552K, used 924K [0x00000000c0000000, 0x00000000c5580000, 0x00000000eab00000)
  object space 87552K, 1% used [0x00000000c0000000,0x00000000c00e71e8,0x00000000c5580000)
 Metaspace       used 5874K, capacity 6928K, committed 7040K, reserved 1056768K
  class space    used 559K, capacity 584K, committed 640K, reserved 1048576K
Event: 2.036 GC heap after
Heap after GC invocations=2 (full 0):
 PSYoungGen      total 71680K, used 5103K [0x00000000eab00000, 0x00000000ef600000, 0x0000000100000000)
  eden space 66560K, 0% used [0x00000000eab00000,0x00000000eab00000,0x00000000eec00000)
  from space 5120K, 99% used [0x00000000ef100000,0x00000000ef5fbc98,0x00000000ef600000)
  to   space 5120K, 0% used [0x00000000eec00000,0x00000000eec00000,0x00000000ef100000)
 ParOldGen       total 87552K, used 3688K [0x00000000c0000000, 0x00000000c5580000, 0x00000000eab00000)
  object space 87552K, 4% used [0x00000000c0000000,0x00000000c039a050,0x00000000c5580000)
 Metaspace       used 5874K, capacity 6928K, committed 7040K, reserved 1056768K
  class space    used 559K, capacity 584K, committed 640K, reserved 1048576K
}

Deoptimization events (10 events):
Event: 2.171 Thread 0x000000000263e800 Uncommon trap: reason=class_check action=maybe_recompile pc=0x0000000002e32774 method=java.util.Arrays.hashCode([Ljava/lang/Object;)I @ 43
Event: 2.214 Thread 0x000000000263e800 Uncommon trap: reason=speculate_class_check action=maybe_recompile pc=0x0000000002caa49c method=com.android.dx.util.FixedSizeList.equals(Ljava/lang/Object;)Z @ 25
Event: 2.214 Thread 0x000000000263e800 Uncommon trap: reason=class_check action=maybe_recompile pc=0x0000000002ca5160 method=java.util.Arrays.equals([Ljava/lang/Object;[Ljava/lang/Object;)Z @ 62
Event: 2.214 Thread 0x000000000263e800 Uncommon trap: reason=speculate_class_check action=maybe_recompile pc=0x0000000002caa49c method=com.android.dx.util.FixedSizeList.equals(Ljava/lang/Object;)Z @ 25
Event: 2.214 Thread 0x000000000263e800 Uncommon trap: reason=class_check action=maybe_recompile pc=0x0000000002ca5160 method=java.util.Arrays.equals([Ljava/lang/Object;[Ljava/lang/Object;)Z @ 62
Event: 2.214 Thread 0x000000000263e800 Uncommon trap: reason=speculate_class_check action=maybe_recompile pc=0x0000000002caa49c method=com.android.dx.util.FixedSizeList.equals(Ljava/lang/Object;)Z @ 25
Event: 2.214 Thread 0x000000000263e800 Uncommon trap: reason=class_check action=maybe_recompile pc=0x0000000002ca5160 method=java.util.Arrays.equals([Ljava/lang/Object;[Ljava/lang/Object;)Z @ 62
Event: 2.214 Thread 0x000000000263e800 Uncommon trap: reason=speculate_class_check action=maybe_recompile pc=0x0000000002caa49c method=com.android.dx.util.FixedSizeList.equals(Ljava/lang/Object;)Z @ 25
Event: 2.214 Thread 0x000000000263e800 Uncommon trap: reason=class_check action=maybe_recompile pc=0x0000000002ca5160 method=java.util.Arrays.equals([Ljava/lang/Object;[Ljava/lang/Object;)Z @ 62
Event: 2.224 Thread 0x000000000263e800 Uncommon trap: reason=unstable_if action=reinterpret pc=0x0000000002dfa764 method=com.android.dx.rop.code.RegisterSpecSet.equals(Ljava/lang/Object;)Z @ 30

Internal exceptions (2 events):
Event: 0.022 Thread 0x000000000263e800 Exception <a 'java/lang/NoSuchMethodError': Method sun.misc.Unsafe.defineClass(Ljava/lang/String;[BII)Ljava/lang/Class; name or signature does not match> (0x00000000eab07cc0) thrown at [C:\src\android\AOSP-openjdk\external\jetbrains\jdk\hotspot\src\share\v‹éXF¿–?
Event: 0.022 Thread 0x000000000263e800 Exception <a 'java/lang/NoSuchMethodError': Method sun.misc.Unsafe.prefetchRead(Ljava/lang/Object;J)V name or signature does not match> (0x00000000eab07fa8) thrown at [C:\src\android\AOSP-openjdk\external\jetbrains\jdk\hotspot\src\share\vm\prims\jni.cpp, l

Events (10 events):
Event: 2.214 Thread 0x000000000263e800 Uncommon trap: trap_request=0xffffffde fr.pc=0x0000000002ca5160
Event: 2.214 Thread 0x000000000263e800 DEOPT PACKING pc=0x0000000002ca5160 sp=0x00000000029feed0
Event: 2.214 Thread 0x000000000263e800 DEOPT UNPACKING pc=0x0000000002a4556a sp=0x00000000029fee70 mode 2
Event: 2.214 loading class com/android/dx/dex/code/CatchTable$Entry
Event: 2.214 loading class com/android/dx/dex/code/CatchTable$Entry done
Event: 2.215 loading class com/android/dx/util/ByteArrayAnnotatedOutput
Event: 2.215 loading class com/android/dx/util/ByteArrayAnnotatedOutput done
Event: 2.224 Thread 0x000000000263e800 Uncommon trap: trap_request=0xffffff65 fr.pc=0x0000000002dfa764
Event: 2.224 Thread 0x000000000263e800 DEOPT PACKING pc=0x0000000002dfa764 sp=0x00000000029fee40
Event: 2.224 Thread 0x000000000263e800 DEOPT UNPACKING pc=0x0000000002a4556a sp=0x00000000029fedd0 mode 2


Dynamic libraries:
0x000000013f3a0000 - 0x000000013f3d1000 	D:\soft\jre\bin\java.exe
0x0000000076dc0000 - 0x0000000076f6a000 	C:\Windows\SYSTEM32\ntdll.dll
0x0000000076ca0000 - 0x0000000076dbf000 	C:\Windows\system32\kernel32.dll
0x000007fefcc00000 - 0x000007fefcc6a000 	C:\Windows\system32\KERNELBASE.dll
0x000007fefd360000 - 0x000007fefd43b000 	C:\Windows\system32\ADVAPI32.dll
0x000007fefd6e0000 - 0x000007fefd77f000 	C:\Windows\system32\msvcrt.dll
0x000007fefe010000 - 0x000007fefe02f000 	C:\Windows\SYSTEM32\sechost.dll
0x000007fefe030000 - 0x000007fefe15d000 	C:\Windows\system32\RPCRT4.dll
0x0000000076ba0000 - 0x0000000076c9a000 	C:\Windows\system32\USER32.dll
0x000007fefddc0000 - 0x000007fefde27000 	C:\Windows\system32\GDI32.dll
0x000007fefeef0000 - 0x000007fefeefe000 	C:\Windows\system32\LPK.dll
0x000007feff000000 - 0x000007feff0ca000 	C:\Windows\system32\USP10.dll
0x000007fefb210000 - 0x000007fefb404000 	C:\Windows\WinSxS\amd64_microsoft.windows.common-controls_6595b64144ccf1df_6.0.7601.18837_none_fa3b1e3d17594757\COMCTL32.dll
0x000007fefceb0000 - 0x000007fefcf21000 	C:\Windows\system32\SHLWAPI.dll
0x000007fefc8f0000 - 0x000007fefc947000 	C:\Windows\system32\apphelp.dll
0x000007fef0c70000 - 0x000007fef0cc1000 	C:\Windows\AppPatch\AppPatch64\AcGenral.DLL
0x000007fefc740000 - 0x000007fefc765000 	C:\Windows\system32\SspiCli.dll
0x000007fefdb10000 - 0x000007fefdd13000 	C:\Windows\system32\ole32.dll
0x000007fefe160000 - 0x000007fefeeec000 	C:\Windows\system32\SHELL32.dll
0x00000000732b0000 - 0x00000000732b3000 	C:\Windows\system32\sfc.dll
0x000007fef9650000 - 0x000007fef9660000 	C:\Windows\system32\sfc_os.DLL
0x000007fefccc0000 - 0x000007fefccde000 	C:\Windows\system32\USERENV.dll
0x000007fefcb00000 - 0x000007fefcb0f000 	C:\Windows\system32\profapi.dll
0x000007fefa8b0000 - 0x000007fefa8c8000 	C:\Windows\system32\dwmapi.dll
0x000007fef8fa0000 - 0x000007fef8fb8000 	C:\Windows\system32\MPR.dll
0x000007fefcf90000 - 0x000007fefcfbe000 	C:\Windows\system32\IMM32.DLL
0x000007fefd5d0000 - 0x000007fefd6d9000 	C:\Windows\system32\MSCTF.dll
0x00000000593d0000 - 0x00000000594a2000 	D:\soft\jre\jre\bin\msvcr100.dll
0x00000000777c0000 - 0x0000000077ff4000 	D:\soft\jre\jre\bin\server\jvm.dll
0x000007fef8f00000 - 0x000007fef8f09000 	C:\Windows\system32\WSOCK32.dll
0x000007fefd290000 - 0x000007fefd2dd000 	C:\Windows\system32\WS2_32.dll
0x000007fefd820000 - 0x000007fefd828000 	C:\Windows\system32\NSI.dll
0x000007fef9300000 - 0x000007fef933b000 	C:\Windows\system32\WINMM.dll
0x000007fefc3c0000 - 0x000007fefc3cc000 	C:\Windows\system32\VERSION.dll
0x0000000076f90000 - 0x0000000076f97000 	C:\Windows\system32\PSAPI.DLL
0x000007fefb720000 - 0x000007fefb72f000 	D:\soft\jre\jre\bin\verify.dll
0x000007fefb1e0000 - 0x000007fefb209000 	D:\soft\jre\jre\bin\java.dll
0x000007fef9a90000 - 0x000007fef9aa6000 	D:\soft\jre\jre\bin\zip.dll

VM Arguments:
jvm_args: -Djava.awt.headless=true -Xmx1024M -Dfile.encoding=GBK -Duser.country=CN -Duser.language=zh -Duser.variant 
java_command: com.android.dx.command.Main --dex --verbose --force-jumbo --num-threads=4 --output D:\AndroidStudioProjects\CharryProject\app\build\intermediates\pre-dexed\debug\mta-sdk-1.6.2_ddfd61a7aa9d0ae82382d1c39234028db872e5ce.jar D:\AndroidStudioProjects\CharryProject\app\libs\mta-sdk-1.6.2.jar
java_class_path (initial): D:\AndroidSDK\sdk\build-tools\23.0.1\lib\dx.jar
Launcher Type: SUN_STANDARD

Environment Variables:
JAVA_HOME=D:\Program Files\Java\jdk1.7.0_67
CLASSPATH=.;D:\Program Files\Java\jdk1.7.0_67\lib;D:\Program Files\Java\jdk1.7.0_67\lib\tools.jar;D:\Program Files\Java\jdk1.7.0_67\lib\dt.jar;
PATH=   C:\ProgramData\Oracle\Java\javapath;C:\Windows\system32;C:\Windows;C:\Windows\System32\Wbem;C:\Windows\System32\WindowsPowerShell\v1.0\; D:\ORACLE\instantclient_11_2;D:\Program Files\Java\jdk1.7.0_67\bin;D:\Program Files\Java\jdk1.7.0_67\jre\bin;D:\newproject\soft\grails-1.3.7\bin\bin;D:\Program Files\nodejs\;D:\Program Files (x86)\Git\bin;C:\Users\Administrator\AppData\Roaming\npm\node_modules\ant\ant\bin;D:\AndroidSDK\sdk\platform-tools;D:\AndroidSDK\sdk\tools;C:\Users\Administrator\AppData\Roaming\npm;D:\AndroidSDK\android-ndk-r10e
USERNAME=Administrator
OS=Windows_NT
PROCESSOR_IDENTIFIER=Intel64 Family 6 Model 60 Stepping 3, GenuineIntel



---------------  S Y S T E M  ---------------

OS: Windows 7 , 64 bit Build 7601 (6.1.7601.23569)

CPU:total 8 (4 cores per cpu, 2 threads per core) family 6 model 60 stepping 3, cmov, cx8, fxsr, mmx, sse, sse2, sse3, ssse3, sse4.1, sse4.2, popcnt, avx, avx2, aes, clmul, erms, lzcnt, ht, tsc, tscinvbit, bmi1, bmi2

Memory: 4k page, physical 8275812k(839860k free), swap 8273952k(5472k free)

vm_info: OpenJDK 64-Bit Server VM (25.76-b03) for windows-amd64 JRE (1.8.0_76-release-b03), built on Jun 29 2016 19:09:20 by "ralucas" with MS VC++ 10.0 (VS2010)

time: Mon Dec 26 14:39:40 2016
elapsed time: 2 seconds (0d 0h 0m 2s)

